<?xml version="1.0" encoding="UTF-8"?>
<testsuite xmlns:xsi="http://www.w3.org/2001/XMLSchema-instance" xsi:noNamespaceSchemaLocation="https://maven.apache.org/surefire/maven-surefire-plugin/xsd/surefire-test-report.xsd" name="com.example.rest_account.HelloControllerTest" time="0.403" tests="1" errors="1" skipped="0" failures="0">
  <properties>
[...]
</properties>
  <testcase name="initializationError" classname="com.example.rest_account.HelloControllerTest" time="0.015">
    <error message="Failed to instantiate [org.springframework.test.context.web.WebDelegatingSmartContextLoader]: Constructor threw exception; nested exception is java.lang.IllegalStateException: Failed to enable support for Groovy scripts; could not load class: org.springframework.test.context.web.GenericGroovyXmlWebContextLoader" type="org.springframework.beans.BeanInstantiationException">org.springframework.beans.BeanInstantiationException: Failed to instantiate [org.springframework.test.context.web.WebDelegatingSmartContextLoader]: Constructor threw exception; nested exception is java.lang.IllegalStateException: Failed to enable support for Groovy scripts; could not load class: org.springframework.test.context.web.GenericGroovyXmlWebContextLoader
Caused by: java.lang.IllegalStateException: Failed to enable support for Groovy scripts; could not load class: org.springframework.test.context.web.GenericGroovyXmlWebContextLoader
Caused by: org.springframework.beans.BeanInstantiationException: Failed to instantiate [org.springframework.test.context.web.GenericGroovyXmlWebContextLoader]: Unresolvable class definition; nested exception is java.lang.NoClassDefFoundError: javax/servlet/ServletContext
Caused by: java.lang.NoClassDefFoundError: javax/servlet/ServletContext
Caused by: java.lang.ClassNotFoundException: javax.servlet.ServletContext
</error>
    <system-out><![CDATA[22:53:10.752 [main] DEBUG org.springframework.test.context.junit4.SpringJUnit4ClassRunner - SpringJUnit4ClassRunner constructor called with [class com.example.rest_account.HelloControllerTest]
22:53:10.764 [main] DEBUG org.springframework.test.context.BootstrapUtils - Instantiating CacheAwareContextLoaderDelegate from class [org.springframework.test.context.cache.DefaultCacheAwareContextLoaderDelegate]
22:53:10.773 [main] DEBUG org.springframework.test.context.BootstrapUtils - Instantiating BootstrapContext using constructor [public org.springframework.test.context.support.DefaultBootstrapContext(java.lang.Class,org.springframework.test.context.CacheAwareContextLoaderDelegate)]
22:53:10.801 [main] DEBUG org.springframework.test.context.BootstrapUtils - Instantiating TestContextBootstrapper for test class [com.example.rest_account.HelloControllerTest] from class [org.springframework.test.context.web.WebTestContextBootstrapper]
]]></system-out>
  </testcase>
</testsuite>